2025-02-12 09:40:48,417 train INFO: Building config ...
2025-02-12 09:40:48,417 train INFO: Building models ...
2025-02-12 09:41:02,176 train INFO: Building dataloaders ...
2025-02-12 09:41:02,176 train INFO: dataloader
2025-02-12 09:41:07,061 train INFO: begin training ...
2025-02-12 09:44:36,549 train INFO: Train epoch:[1/20], step:[100/6756], lr:[1.013380748053825e-06], loss:[0.6400793194770813]
2025-02-12 09:47:43,851 train INFO: Train epoch:[1/20], step:[200/6756], lr:[1.0535157580973952e-06], loss:[0.5952447056770325]
2025-02-12 09:50:51,397 train INFO: Train epoch:[1/20], step:[300/6756], lr:[1.1203833316879823e-06], loss:[0.4310561716556549]
2025-02-12 09:53:58,748 train INFO: Train epoch:[1/20], step:[400/6756], lr:[1.2139473177890086e-06], loss:[0.524788498878479]
2025-02-12 09:57:06,182 train INFO: Train epoch:[1/20], step:[500/6756], lr:[1.334157132314604e-06], loss:[0.585877537727356]
2025-02-12 10:00:13,772 train INFO: Train epoch:[1/20], step:[600/6756], lr:[1.4809477854772502e-06], loss:[0.31897783279418945]
2025-02-12 10:03:21,458 train INFO: Train epoch:[1/20], step:[700/6756], lr:[1.6542399169235214e-06], loss:[0.4416792094707489]
2025-02-12 10:06:29,090 train INFO: Train epoch:[1/20], step:[800/6756], lr:[1.8539398386392838e-06], loss:[0.34463319182395935]
2025-02-12 10:09:36,644 train INFO: Train epoch:[1/20], step:[900/6756], lr:[2.0799395856007074e-06], loss:[0.2189093381166458]
2025-02-12 10:12:44,154 train INFO: Train epoch:[1/20], step:[1000/6756], lr:[2.3321169741442286e-06], loss:[0.36015617847442627]
2025-02-12 10:15:51,585 train INFO: Train epoch:[1/20], step:[1100/6756], lr:[2.6103356680233015e-06], loss:[0.2923871576786041]
2025-02-12 10:18:59,351 train INFO: Train epoch:[1/20], step:[1200/6756], lr:[2.9144452521168667e-06], loss:[0.266537606716156]
2025-02-12 10:22:06,888 train INFO: Train epoch:[1/20], step:[1300/6756], lr:[3.2442813137491353e-06], loss:[0.30065545439720154]
2025-02-12 10:25:14,626 train INFO: Train epoch:[1/20], step:[1400/6756], lr:[3.5996655315771048e-06], loss:[0.21889276802539825]
2025-02-12 10:28:22,260 train INFO: Train epoch:[1/20], step:[1500/6756], lr:[3.9804057719974905e-06], loss:[0.1571734994649887]
2025-02-12 10:31:29,592 train INFO: Train epoch:[1/20], step:[1600/6756], lr:[4.3862961930211545e-06], loss:[0.09776710718870163]
2025-02-12 10:34:37,186 train INFO: Train epoch:[1/20], step:[1700/6756], lr:[4.817117355558761e-06], loss:[0.06511303037405014]
2025-02-12 10:37:44,624 train INFO: Train epoch:[1/20], step:[1800/6756], lr:[5.272636342057511e-06], loss:[0.1336705982685089]
2025-02-12 10:40:52,291 train INFO: Train epoch:[1/20], step:[1900/6756], lr:[5.752606882424775e-06], loss:[0.16675126552581787]
2025-02-12 10:43:59,705 train INFO: Train epoch:[1/20], step:[2000/6756], lr:[6.2567694871707076e-06], loss:[0.09398432821035385]
2025-02-12 10:47:07,297 train INFO: Train epoch:[1/20], step:[2100/6756], lr:[6.784851587697625e-06], loss:[0.04962380975484848]
2025-02-12 10:50:14,828 train INFO: Train epoch:[1/20], step:[2200/6756], lr:[7.336567683660536e-06], loss:[0.04450860992074013]
2025-02-12 10:53:22,184 train INFO: Train epoch:[1/20], step:[2300/6756], lr:[7.911619497318948e-06], loss:[0.06156577542424202]
2025-02-12 10:56:29,412 train INFO: Train epoch:[1/20], step:[2400/6756], lr:[8.509696134796613e-06], loss:[0.06483589112758636]
2025-02-12 10:59:36,845 train INFO: Train epoch:[1/20], step:[2500/6756], lr:[9.130474254162148e-06], loss:[0.05211661756038666]
2025-02-12 11:02:44,363 train INFO: Train epoch:[1/20], step:[2600/6756], lr:[9.773618240239239e-06], loss:[0.037100594490766525]
2025-02-12 11:05:51,915 train INFO: Train epoch:[1/20], step:[2700/6756], lr:[1.0438780386052556e-05], loss:[0.04206434637308121]
2025-02-12 11:08:59,627 train INFO: Train epoch:[1/20], step:[2800/6756], lr:[1.1125601080810653e-05], loss:[0.03478989005088806]
2025-02-12 11:12:07,185 train INFO: Train epoch:[1/20], step:[2900/6756], lr:[1.1833709004324645e-05], loss:[0.04022759199142456]
2025-02-12 11:15:14,728 train INFO: Train epoch:[1/20], step:[3000/6756], lr:[1.2562721327757405e-05], loss:[0.03308830037713051]
2025-02-12 11:18:22,051 train INFO: Train epoch:[1/20], step:[3100/6756], lr:[1.3312243920594657e-05], loss:[0.03360234200954437]
2025-02-12 11:21:29,251 train INFO: Train epoch:[1/20], step:[3200/6756], lr:[1.4081871563726277e-05], loss:[0.0308139119297266]
2025-02-12 11:24:36,650 train INFO: Train epoch:[1/20], step:[3300/6756], lr:[1.4871188168522458e-05], loss:[0.03475893288850784]
2025-02-12 11:27:43,795 train INFO: Train epoch:[1/20], step:[3400/6756], lr:[1.56797670017863e-05], loss:[0.029896864667534828]
2025-02-12 11:30:51,210 train INFO: Train epoch:[1/20], step:[3500/6756], lr:[1.6507170916461224e-05], loss:[0.027032263576984406]
2025-02-12 11:33:58,578 train INFO: Train epoch:[1/20], step:[3600/6756], lr:[1.7352952587968635e-05], loss:[0.027401912957429886]
2025-02-12 11:37:05,954 train INFO: Train epoch:[1/20], step:[3700/6756], lr:[1.821665475604771e-05], loss:[0.030847856774926186]
2025-02-12 11:40:13,201 train INFO: Train epoch:[1/20], step:[3800/6756], lr:[1.9097810471966934e-05], loss:[0.027654176577925682]
2025-02-12 11:43:20,583 train INFO: Train epoch:[1/20], step:[3900/6756], lr:[1.9995943350973577e-05], loss:[0.02820083498954773]
2025-02-12 11:46:27,879 train INFO: Train epoch:[1/20], step:[4000/6756], lr:[2.091056782984448e-05], loss:[0.029222745448350906]
2025-02-12 11:49:35,309 train INFO: Train epoch:[1/20], step:[4100/6756], lr:[2.1841189429399192e-05], loss:[0.02529457025229931]
2025-02-12 11:52:42,823 train INFO: Train epoch:[1/20], step:[4200/6756], lr:[2.278730502183343e-05], loss:[0.02500602789223194]
2025-02-12 11:55:50,261 train INFO: Train epoch:[1/20], step:[4300/6756], lr:[2.3748403102728067e-05], loss:[0.029064621776342392]
2025-02-12 11:58:57,705 train INFO: Train epoch:[1/20], step:[4400/6756], lr:[2.472396406758717e-05], loss:[0.025174498558044434]
2025-02-12 12:02:05,089 train INFO: Train epoch:[1/20], step:[4500/6756], lr:[2.5713460492754865e-05], loss:[0.02273840270936489]
2025-02-12 12:05:12,718 train INFO: Train epoch:[1/20], step:[4600/6756], lr:[2.6716357420559844e-05], loss:[0.025287752971053123]
2025-02-12 12:08:20,061 train INFO: Train epoch:[1/20], step:[4700/6756], lr:[2.7732112648532834e-05], loss:[0.022031763568520546]
2025-02-12 12:11:27,474 train INFO: Train epoch:[1/20], step:[4800/6756], lr:[2.8760177022540875e-05], loss:[0.021623069420456886]
2025-02-12 12:14:34,951 train INFO: Train epoch:[1/20], step:[4900/6756], lr:[2.9799994733680074e-05], loss:[0.02192564681172371]
2025-02-12 12:17:42,295 train INFO: Train epoch:[1/20], step:[5000/6756], lr:[3.0851003618766006e-05], loss:[0.024551616981625557]
2025-02-12 12:20:49,678 train INFO: Train epoch:[1/20], step:[5100/6756], lr:[3.1912635464259544e-05], loss:[0.021521760150790215]
2025-02-12 12:23:57,148 train INFO: Train epoch:[1/20], step:[5200/6756], lr:[3.2984316313463684e-05], loss:[0.020207807421684265]
2025-02-12 12:27:04,636 train INFO: Train epoch:[1/20], step:[5300/6756], lr:[3.4065466776825396e-05], loss:[0.019726667553186417]
2025-02-12 12:30:12,148 train INFO: Train epoch:[1/20], step:[5400/6756], lr:[3.515550234517464e-05], loss:[0.018617406487464905]
2025-02-12 12:33:19,878 train INFO: Train epoch:[1/20], step:[5500/6756], lr:[3.625383370573125e-05], loss:[0.018088489770889282]
2025-02-12 12:36:27,565 train INFO: Train epoch:[1/20], step:[5600/6756], lr:[3.7359867060708706e-05], loss:[0.01767277903854847]
2025-02-12 12:39:34,898 train INFO: Train epoch:[1/20], step:[5700/6756], lr:[3.847300444834292e-05], loss:[0.018824512138962746]
2025-02-12 12:42:42,478 train INFO: Train epoch:[1/20], step:[5800/6756], lr:[3.959264406617194e-05], loss:[0.015674330294132233]
2025-02-12 12:45:50,028 train INFO: Train epoch:[1/20], step:[5900/6756], lr:[4.071818059639224e-05], loss:[0.017084738239645958]
2025-02-12 12:48:57,556 train INFO: Train epoch:[1/20], step:[6000/6756], lr:[4.1849005533115455e-05], loss:[0.015578821301460266]
2025-02-12 12:52:04,995 train INFO: Train epoch:[1/20], step:[6100/6756], lr:[4.298450751134884e-05], loss:[0.016173111274838448]
2025-02-12 12:55:12,266 train INFO: Train epoch:[1/20], step:[6200/6756], lr:[4.4124072637521255e-05], loss:[0.014558359049260616]
2025-02-12 12:58:19,749 train INFO: Train epoch:[1/20], step:[6300/6756], lr:[4.526708482137638e-05], loss:[0.014981167390942574]
2025-02-12 13:01:27,270 train INFO: Train epoch:[1/20], step:[6400/6756], lr:[4.641292610905341e-05], loss:[0.016525592654943466]
2025-02-12 13:04:34,788 train INFO: Train epoch:[1/20], step:[6500/6756], lr:[4.756097701717536e-05], loss:[0.015295428223907948]
2025-02-12 13:07:42,476 train INFO: Train epoch:[1/20], step:[6600/6756], lr:[4.871061686776429e-05], loss:[0.014570179395377636]
2025-02-12 13:10:49,971 train INFO: Train epoch:[1/20], step:[6700/6756], lr:[4.98612241238023e-05], loss:[0.012499149888753891]
2025-02-12 13:12:34,842 train INFO: Train epoch:[1/20], step:[6756/6756], lr:[5.050575489734299e-05], loss:[0.014460023492574692]
